Fri May 24 2024 6:0:37 } [PH] info: Database is connected successfully
Fri May 24 2024 6:0:37 } [PH] info: Server is running on port http://localhost:3000
Fri May 24 2024 6:0:47 } [PH] info: Database is connected successfully
Fri May 24 2024 6:0:47 } [PH] info: Server is running on port http://localhost:3000
Fri May 24 2024 6:0:56 } [PH] info: Database is connected successfully
Fri May 24 2024 6:0:56 } [PH] info: Server is running on port http://localhost:3000
Fri May 24 2024 6:1:11 } [PH] info: Database is connected successfully
Fri May 24 2024 6:1:11 } [PH] info: Server is running on port http://localhost:3000
Fri May 24 2024 6:1:25 } [PH] info: Database is connected successfully
Fri May 24 2024 6:1:25 } [PH] info: Server is running on port http://localhost:3000
Fri May 24 2024 6:1:33 } [PH] info: Database is connected successfully
Fri May 24 2024 6:1:33 } [PH] info: Server is running on port http://localhost:3000
Fri May 24 2024 6:1:38 } [PH] info: Database is connected successfully
Fri May 24 2024 6:1:38 } [PH] info: Server is running on port http://localhost:3000
Fri May 24 2024 6:1:39 } [PH] info: {
  id: 'Mr. BabullBro',
  name: {
    firstName: 'Mr. Babull',
    lastName: 'Bro',
    _id: new ObjectId('664fd8e2f73651952e04ec24')
  },
  phoneNumber: '01711111111',
  address: 'Chattogram',
  income: 0,
  _id: new ObjectId('664fd8e2f73651952e04ec23'),
  createdAt: 2024-05-24T00:01:38.452Z,
  updatedAt: 2024-05-24T00:01:38.452Z,
  __v: 0
}
Fri May 24 2024 6:5:16 } [PH] info: {
  id: 'Mr. BabullBro',
  name: {
    firstName: 'Mr. Babull',
    lastName: 'Bro',
    _id: new ObjectId('664fd9bbf73651952e04ec2d')
  },
  phoneNumber: '01711111111',
  address: 'Chattogram',
  income: 0,
  _id: new ObjectId('664fd9bbf73651952e04ec2c'),
  createdAt: 2024-05-24T00:05:15.979Z,
  updatedAt: 2024-05-24T00:05:15.979Z,
  __v: 0
}
Fri May 24 2024 6:6:1 } [PH] info: Database is connected successfully
Fri May 24 2024 6:6:1 } [PH] info: Server is running on port http://localhost:3000
Fri May 24 2024 6:6:7 } [PH] info: Database is connected successfully
Fri May 24 2024 6:6:7 } [PH] info: Server is running on port http://localhost:3000
Fri May 24 2024 6:6:50 } [PH] info: Database is connected successfully
Fri May 24 2024 6:6:51 } [PH] info: Server is running on port http://localhost:3000
Fri May 24 2024 6:7:32 } [PH] info: Database is connected successfully
Fri May 24 2024 6:7:32 } [PH] info: Server is running on port http://localhost:3000
Fri May 24 2024 6:9:51 } [PH] info: {
  id: '01711111111',
  name: {
    firstName: 'Mr. Babull',
    lastName: 'Bro',
    _id: new ObjectId('664fdacfe54103b85de39315')
  },
  phoneNumber: '01711111111',
  address: 'Chattogram',
  income: 0,
  _id: new ObjectId('664fdacfe54103b85de39314'),
  createdAt: 2024-05-24T00:09:51.374Z,
  updatedAt: 2024-05-24T00:09:51.374Z,
  __v: 0
}
Fri May 24 2024 6:10:52 } [PH] info: {
  id: '01711111111',
  name: {
    firstName: 'Mr. Babull',
    lastName: 'Bro',
    _id: new ObjectId('664fdb0ce54103b85de3931a')
  },
  phoneNumber: '01711111111',
  address: 'Chattogram',
  income: 0,
  _id: new ObjectId('664fdb0ce54103b85de39319'),
  createdAt: 2024-05-24T00:10:52.193Z,
  updatedAt: 2024-05-24T00:10:52.193Z,
  __v: 0
}
Fri May 24 2024 6:11:0 } [PH] info: {
  id: '01711111111',
  name: {
    firstName: 'Mr. Babull',
    lastName: 'Bro',
    _id: new ObjectId('664fdb13e54103b85de3931f')
  },
  phoneNumber: '01711111111',
  address: 'Chattogram',
  income: 0,
  _id: new ObjectId('664fdb13e54103b85de3931e'),
  createdAt: 2024-05-24T00:10:59.928Z,
  updatedAt: 2024-05-24T00:10:59.928Z,
  __v: 0
}
Fri May 24 2024 6:11:12 } [PH] info: {
  id: '01711111111',
  name: {
    firstName: 'Mr. Babull',
    lastName: 'Bro',
    _id: new ObjectId('664fdb20e54103b85de39324')
  },
  phoneNumber: '01711111111',
  address: 'Chattogram',
  income: 0,
  _id: new ObjectId('664fdb20e54103b85de39323'),
  createdAt: 2024-05-24T00:11:12.531Z,
  updatedAt: 2024-05-24T00:11:12.531Z,
  __v: 0
}
Fri May 24 2024 6:11:14 } [PH] info: {
  id: '01711111111',
  name: {
    firstName: 'Mr. Babull',
    lastName: 'Bro',
    _id: new ObjectId('664fdb21e54103b85de39329')
  },
  phoneNumber: '01711111111',
  address: 'Chattogram',
  income: 0,
  _id: new ObjectId('664fdb21e54103b85de39328'),
  createdAt: 2024-05-24T00:11:13.964Z,
  updatedAt: 2024-05-24T00:11:13.964Z,
  __v: 0
}
Fri May 24 2024 6:12:42 } [PH] info: Database is connected successfully
Fri May 24 2024 6:12:42 } [PH] info: Server is running on port http://localhost:3000
Fri May 24 2024 6:12:47 } [PH] info: Database is connected successfully
Fri May 24 2024 6:12:47 } [PH] info: Server is running on port http://localhost:3000
Fri May 24 2024 6:15:19 } [PH] info: Database is connected successfully
Fri May 24 2024 6:15:19 } [PH] info: Server is running on port http://localhost:3000
Fri May 24 2024 6:15:25 } [PH] info: Database is connected successfully
Fri May 24 2024 6:15:25 } [PH] info: Server is running on port http://localhost:3000
Fri May 24 2024 6:17:54 } [PH] info: Database is connected successfully
Fri May 24 2024 6:17:54 } [PH] info: Server is running on port http://localhost:3000
Fri May 24 2024 6:20:48 } [PH] info: Database is connected successfully
Fri May 24 2024 6:20:48 } [PH] info: Server is running on port http://localhost:3000
Fri May 24 2024 6:21:51 } [PH] info: Database is connected successfully
Fri May 24 2024 6:21:51 } [PH] info: Server is running on port http://localhost:3000
Fri May 24 2024 6:22:0 } [PH] info: Database is connected successfully
Fri May 24 2024 6:22:0 } [PH] info: Server is running on port http://localhost:3000
Fri May 24 2024 6:27:7 } [PH] info: Database is connected successfully
Fri May 24 2024 6:27:7 } [PH] info: Server is running on port http://localhost:3000
Fri May 24 2024 6:27:14 } [PH] info: Database is connected successfully
Fri May 24 2024 6:27:14 } [PH] info: Server is running on port http://localhost:3000
Fri May 24 2024 6:31:33 } [PH] info: Database is connected successfully
Fri May 24 2024 6:31:33 } [PH] info: Server is running on port http://localhost:3000
Fri May 24 2024 6:32:0 } [PH] info: Database is connected successfully
Fri May 24 2024 6:32:0 } [PH] info: Server is running on port http://localhost:3000
Fri May 24 2024 6:33:15 } [PH] info: Database is connected successfully
Fri May 24 2024 6:33:16 } [PH] info: Server is running on port http://localhost:3000
Fri May 24 2024 6:58:35 } [PH] info: Database is connected successfully
Fri May 24 2024 6:58:35 } [PH] info: Server is running on port http://localhost:3000
