Thu May 23 2024 8:15:54 } [PH] error: globalErrorHandler ~ [
  {
    "expected": "'seller' | 'buyer' | 'admin'",
    "received": "undefined",
    "code": "invalid_type",
    "path": [
      "body",
      "role"
    ],
    "message": "Role is required"
  }
]
Thu May 23 2024 8:32:1 } [PH] error: globalErrorHandler ~ [
  {
    "code": "invalid_type",
    "expected": "string",
    "received": "undefined",
    "path": [
      "body",
      "password"
    ],
    "message": "Required"
  }
]
Thu May 23 2024 8:33:43 } [PH] error: globalErrorHandler ~ [
  {
    "code": "invalid_type",
    "expected": "string",
    "received": "undefined",
    "path": [
      "body",
      "password"
    ],
    "message": "Required"
  }
]
Thu May 23 2024 8:33:51 } [PH] error: globalErrorHandler ~ User with this phone number already exists
Thu May 23 2024 8:34:54 } [PH] error: globalErrorHandler ~ User with this phone number already exists
